TN:
SF:src/client/components/AppToolbar.tsx
FN:19,(anonymous_0)
FN:24,(anonymous_1)
FN:40,(anonymous_2)
FN:63,(anonymous_3)
FN:69,(anonymous_4)
FNF:5
FNH:5
FNDA:16,(anonymous_0)
FNDA:16,(anonymous_1)
FNDA:1,(anonymous_2)
FNDA:5,(anonymous_3)
FNDA:1,(anonymous_4)
DA:19,6
DA:20,16
DA:21,16
DA:22,16
DA:24,16
DA:25,16
DA:26,9
DA:29,7
DA:41,1
DA:42,1
DA:51,16
DA:63,5
DA:69,1
DA:79,6
LF:14
LH:14
BRDA:25,0,0,9
BRDA:25,0,1,7
BRF:2
BRH:2
end_of_record
TN:
SF:src/client/components/common/MovieImage.tsx
FN:9,(anonymous_0)
FNF:1
FNH:1
FNDA:27,(anonymous_0)
DA:9,6
DA:10,27
DA:12,27
LF:3
LH:3
BRF:0
BRH:0
end_of_record
TN:
SF:src/client/components/movie/MovieCard.tsx
FN:15,(anonymous_0)
FN:21,(anonymous_1)
FNF:2
FNH:2
FNDA:11,(anonymous_0)
FNDA:2,(anonymous_1)
DA:15,5
DA:16,11
DA:18,11
DA:19,11
DA:21,11
DA:22,2
DA:27,11
DA:58,5
LF:8
LH:8
BRF:0
BRH:0
end_of_record
TN:
SF:src/client/components/movie/MovieCategoryTabs.tsx
FN:18,(anonymous_0)
FN:22,(anonymous_1)
FN:37,(anonymous_2)
FN:44,(anonymous_3)
FNF:4
FNH:4
FNDA:7,(anonymous_0)
FNDA:28,(anonymous_1)
FNDA:28,(anonymous_2)
FNDA:1,(anonymous_3)
DA:18,6
DA:19,7
DA:21,7
DA:23,28
DA:25,28
DA:26,7
DA:29,21
DA:34,7
DA:38,28
DA:40,28
DA:44,1
DA:57,6
LF:12
LH:12
BRDA:25,0,0,7
BRDA:25,0,1,21
BRF:2
BRH:2
end_of_record
TN:
SF:src/client/components/movie/MovieList.tsx
FN:23,(anonymous_0)
FN:26,(anonymous_1)
FN:30,(anonymous_2)
FN:33,(anonymous_3)
FN:40,(anonymous_4)
FN:44,(anonymous_5)
FN:49,(anonymous_6)
FN:52,(anonymous_7)
FN:72,(anonymous_8)
FN:73,(anonymous_9)
FNF:10
FNH:10
FNDA:13,(anonymous_0)
FNDA:11,(anonymous_1)
FNDA:45,(anonymous_2)
FNDA:47,(anonymous_3)
FNDA:11,(anonymous_4)
FNDA:13,(anonymous_5)
FNDA:9,(anonymous_6)
FNDA:6,(anonymous_7)
FNDA:2,(anonymous_8)
FNDA:6,(anonymous_9)
DA:23,5
DA:24,13
DA:27,11
DA:31,45
DA:34,47
DA:35,47
DA:40,13
DA:41,11
DA:44,13
DA:45,13
DA:46,4
DA:49,9
DA:52,13
DA:53,6
DA:56,13
DA:57,4
DA:64,9
DA:72,2
DA:74,6
DA:85,5
LF:20
LH:20
BRDA:34,0,0,47
BRDA:34,0,1,0
BRDA:45,1,0,4
BRDA:45,1,1,9
BRDA:56,2,0,4
BRDA:56,2,1,9
BRF:6
BRH:5
end_of_record
TN:
SF:src/client/navigation/RootNavigation.tsx
FN:33,(anonymous_0)
FNF:1
FNH:0
FNDA:0,(anonymous_0)
DA:11,5
DA:13,5
DA:33,5
DA:34,0
LF:4
LH:3
BRF:0
BRH:0
end_of_record
TN:
SF:src/client/screens/FavouriteScreen.tsx
FN:19,(anonymous_0)
FN:24,(anonymous_1)
FN:31,(anonymous_2)
FN:44,(anonymous_3)
FN:45,(anonymous_4)
FNF:5
FNH:4
FNDA:6,(anonymous_0)
FNDA:3,(anonymous_1)
FNDA:0,(anonymous_2)
FNDA:2,(anonymous_3)
FNDA:4,(anonymous_4)
DA:18,5
DA:19,5
DA:20,6
DA:21,6
DA:22,6
DA:24,6
DA:25,3
DA:28,6
DA:31,0
DA:44,2
DA:46,4
DA:58,5
LF:12
LH:11
BRF:0
BRH:0
end_of_record
TN:
SF:src/client/screens/HomeScreen.tsx
FN:9,(anonymous_0)
FNF:1
FNH:1
FNDA:6,(anonymous_0)
DA:9,5
DA:10,6
DA:11,5
DA:13,5
DA:25,5
LF:5
LH:5
BRF:0
BRH:0
end_of_record
TN:
SF:src/client/screens/MovieDetails.tsx
FN:31,(anonymous_0)
FN:40,(anonymous_1)
FN:45,(anonymous_2)
FN:49,(anonymous_3)
FN:57,(anonymous_4)
FN:105,(anonymous_5)
FNF:6
FNH:6
FNDA:9,(anonymous_0)
FNDA:6,(anonymous_1)
FNDA:6,(anonymous_2)
FNDA:2,(anonymous_3)
FNDA:9,(anonymous_4)
FNDA:1,(anonymous_5)
DA:29,6
DA:31,6
DA:32,9
DA:34,9
DA:35,9
DA:36,9
DA:38,9
DA:41,6
DA:45,9
DA:46,6
DA:49,9
DA:50,2
DA:51,0
DA:54,2
DA:57,9
DA:58,9
DA:59,1
DA:62,8
DA:63,1
DA:74,7
DA:85,9
DA:86,1
DA:93,8
DA:95,8
DA:105,1
DA:150,6
LF:26
LH:25
BRDA:50,0,0,0
BRDA:50,0,1,2
BRDA:58,1,0,1
BRDA:58,1,1,8
BRDA:62,2,0,1
BRDA:62,2,1,7
BRDA:85,3,0,1
BRDA:85,3,1,8
BRDA:85,4,0,9
BRDA:85,4,1,8
BRF:10
BRH:9
end_of_record
TN:
SF:src/client/utils/color.ts
FNF:0
FNH:0
DA:1,8
DA:3,8
DA:4,8
LF:3
LH:3
BRF:0
BRH:0
end_of_record
TN:
SF:src/client/utils/constants.ts
FNF:0
FNH:0
DA:3,6
LF:1
LH:1
BRF:0
BRH:0
end_of_record
TN:
SF:src/functional/utils.ts
FN:3,(anonymous_0)
FNF:1
FNH:1
FNDA:22,(anonymous_0)
DA:3,6
DA:4,22
LF:2
LH:2
BRF:0
BRH:0
end_of_record
TN:
SF:src/functional/apis/api-client.ts
FN:6,(anonymous_0)
FN:16,(anonymous_1)
FNF:2
FNH:1
FNDA:1,(anonymous_0)
FNDA:0,(anonymous_1)
DA:11,1
DA:12,1
DA:13,0
DA:17,0
DA:18,0
DA:19,0
DA:23,8
LF:7
LH:3
BRF:0
BRH:0
end_of_record
TN:
SF:src/functional/apis/axios-client.ts
FN:13,(anonymous_0)
FN:18,(anonymous_1)
FNF:2
FNH:1
FNDA:1,(anonymous_0)
FNDA:0,(anonymous_1)
DA:4,8
DA:12,8
DA:14,1
DA:15,1
DA:16,1
DA:18,0
LF:6
LH:5
BRF:0
BRH:0
end_of_record
TN:
SF:src/functional/apis/query-builders.ts
FN:4,(anonymous_0)
FN:10,(anonymous_1)
FN:14,(anonymous_2)
FN:18,(anonymous_3)
FNF:4
FNH:3
FNDA:1,(anonymous_0)
FNDA:0,(anonymous_1)
FNDA:1,(anonymous_2)
FNDA:1,(anonymous_3)
DA:11,0
DA:15,1
DA:19,1
DA:20,0
DA:23,1
LF:5
LH:3
BRDA:19,0,0,0
BRDA:19,0,1,1
BRF:2
BRH:1
end_of_record
TN:
SF:src/functional/storage/StorageHelper.ts
FN:7,(anonymous_0)
FN:16,(anonymous_1)
FN:18,(anonymous_2)
FN:23,(anonymous_3)
FN:29,(anonymous_4)
FN:39,(anonymous_5)
FNF:6
FNH:6
FNDA:17,(anonymous_0)
FNDA:10,(anonymous_1)
FNDA:1,(anonymous_2)
FNDA:4,(anonymous_3)
FNDA:1,(anonymous_4)
FNDA:4,(anonymous_5)
DA:4,6
DA:8,17
DA:9,17
DA:10,13
DA:13,4
DA:17,10
DA:18,10
DA:20,10
DA:24,4
DA:25,4
DA:27,4
DA:28,1
DA:29,1
DA:31,1
DA:32,1
DA:35,3
DA:36,3
DA:40,4
DA:41,4
LF:19
LH:19
BRDA:9,0,0,13
BRDA:9,0,1,4
BRDA:27,1,0,1
BRDA:27,1,1,3
BRF:4
BRH:4
end_of_record
TN:
SF:src/functional/type/types.ts
FNF:0
FNH:0
LF:0
LH:0
BRF:0
BRH:0
end_of_record
